<?xml version="1.0" encoding="UTF-8"?>
<testng-results ignored="0" total="2" passed="2" failed="0" skipped="0">
  <reporter-output>
  </reporter-output>
  <suite started-at="2021-07-04T12:26:25 IST" name="Suite" finished-at="2021-07-04T12:26:40 IST" duration-ms="15141">
    <groups>
    </groups>
    <test started-at="2021-07-04T12:26:25 IST" name="Test" finished-at="2021-07-04T12:26:40 IST" duration-ms="15141">
      <class name="com.learnautomation.testcases.LogintestCRM">
        <test-method is-config="true" signature="setUpSuite()[pri:0, instance:com.learnautomation.testcases.LogintestCRM@6bbe2511]" started-at="2021-07-04T12:26:24 IST" name="setUpSuite" finished-at="2021-07-04T12:26:25 IST" duration-ms="473" status="PASS">
          <reporter-output>
          </reporter-output>
        </test-method> <!-- setUpSuite -->
        <test-method is-config="true" signature="setup()[pri:0, instance:com.learnautomation.testcases.LogintestCRM@6bbe2511]" started-at="2021-07-04T12:26:25 IST" name="setup" finished-at="2021-07-04T12:26:32 IST" duration-ms="7502" status="PASS">
          <reporter-output>
          </reporter-output>
        </test-method> <!-- setup -->
        <test-method signature="loginApp()[pri:0, instance:com.learnautomation.testcases.LogintestCRM@6bbe2511]" started-at="2021-07-04T12:26:32 IST" name="loginApp" finished-at="2021-07-04T12:26:37 IST" duration-ms="5051" status="PASS">
          <reporter-output>
          </reporter-output>
        </test-method> <!-- loginApp -->
        <test-method is-config="true" signature="tearDownMethod(org.testng.ITestResult)[pri:0, instance:com.learnautomation.testcases.LogintestCRM@6bbe2511]" started-at="2021-07-04T12:26:37 IST" name="tearDownMethod" finished-at="2021-07-04T12:26:38 IST" duration-ms="1111" status="PASS">
          <params>
            <param index="0">
              <value>
                <![CDATA[[TestResult name=loginApp status=SUCCESS method=LogintestCRM.loginApp()[pri:0, instance:com.learnautomation.testcases.LogintestCRM@6bbe2511] output={null}]]]>
              </value>
            </param>
          </params>
          <reporter-output>
          </reporter-output>
        </test-method> <!-- tearDownMethod -->
        <test-method signature="loginApp1()[pri:0, instance:com.learnautomation.testcases.LogintestCRM@6bbe2511]" started-at="2021-07-04T12:26:38 IST" name="loginApp1" finished-at="2021-07-04T12:26:38 IST" duration-ms="4" status="PASS">
          <reporter-output>
          </reporter-output>
        </test-method> <!-- loginApp1 -->
        <test-method is-config="true" signature="tearDownMethod(org.testng.ITestResult)[pri:0, instance:com.learnautomation.testcases.LogintestCRM@6bbe2511]" started-at="2021-07-04T12:26:38 IST" name="tearDownMethod" finished-at="2021-07-04T12:26:39 IST" duration-ms="553" status="PASS">
          <params>
            <param index="0">
              <value>
                <![CDATA[[TestResult name=loginApp1 status=SUCCESS method=LogintestCRM.loginApp1()[pri:0, instance:com.learnautomation.testcases.LogintestCRM@6bbe2511] output={null}]]]>
              </value>
            </param>
          </params>
          <reporter-output>
          </reporter-output>
        </test-method> <!-- tearDownMethod -->
        <test-method is-config="true" signature="TearDown()[pri:0, instance:com.learnautomation.testcases.LogintestCRM@6bbe2511]" started-at="2021-07-04T12:26:39 IST" name="TearDown" finished-at="2021-07-04T12:26:40 IST" duration-ms="861" status="PASS">
          <reporter-output>
          </reporter-output>
        </test-method> <!-- TearDown -->
      </class> <!-- com.learnautomation.testcases.LogintestCRM -->
    </test> <!-- Test -->
  </suite> <!-- Suite -->
</testng-results>
